2026-07-20 15:13:36.381690: I tensorflow/core/util/port.cc:153] oneDNN custom operations are on. You may see slightly different numerical results due to floating-point round-off errors from different computation orders. To turn them off, set the environment variable `TF_ENABLE_ONEDNN_OPTS=0`.
2026-07-20 15:13:37.755501: E external/local_xla/xla/stream_executor/cuda/cuda_fft.cc:485] Unable to register cuFFT factory: Attempting to register factory for plugin cuFFT when one has already been registered
2026-07-20 15:13:38.251737: E external/local_xla/xla/stream_executor/cuda/cuda_dnn.cc:8454] Unable to register cuDNN factory: Attempting to register factory for plugin cuDNN when one has already been registered
2026-07-20 15:13:38.434086: E external/local_xla/xla/stream_executor/cuda/cuda_blas.cc:1452] Unable to register cuBLAS factory: Attempting to register factory for plugin cuBLAS when one has already been registered
2026-07-20 15:13:39.507006: I tensorflow/core/platform/cpu_feature_guard.cc:210] This TensorFlow binary is optimized to use available CPU instructions in performance-critical operations.
To enable the following instructions: AVX2 AVX512F AVX512_VNNI FMA, in other operations, rebuild TensorFlow with the appropriate compiler flags.
2026-07-20 15:13:50.301471: W tensorflow/compiler/tf2tensorrt/utils/py_utils.cc:38] TF-TRT Warning: Could not find TensorRT
Config FIle is  HP_TransRP
src/config_presets/Base_config.yaml
src/config_presets/main_Lung_PET_modelling_config.yaml
src/config_presets/HP_TransRP.yaml
src/config_presets/HP_TransRP.yaml
config 1
{'Model_Selected': {'name': 'Model_Selected', 'type': 'categorical', 'location': ['model', 'model_name'], 'options': ['TransRP']}, 'Model_N_LinearLayers': {'name': 'M_N_LL', 'type': 'int', 'location': ['model', 'output_head', 'n_linear_layers'], 'min': 1, 'max': 5}, 'Model_N_ClinicalLayers': {'name': 'M_N_CL', 'type': 'int', 'location': ['model', 'output_head', 'n_clinical_layers'], 'min': 1, 'max': 5}, 'optimizer': {'name': 'Optimizer', 'type': 'categorical', 'location': ['training', 'optimizer', 'name'], 'options': ['Adam', 'AdaBound', 'SGD']}, 'learning_rate': {'name': 'Learning_rate', 'type': 'float', 'location': ['training', 'optimizer', 'learning_rate'], 'min': 5e-07, 'max': 0.05}}



 experiment_config
{'densenet_depth': {'name': 'DenseNet_Depth', 'type': 'categorical', 'location': ['model', 'densenet', 'model_depth'], 'options': [121, 169, 201]}, 'clinical_features_method': {'name': 'clinical_features_method', 'type': 'categorical', 'location': ['model', 'TransRP', 'clinical_features_method'], 'options': ['m1', 'm2', 'm3', 'm4']}, 'ViT_embedding_dim': {'name': 'ViT_embedding_dim', 'type': 'categorical', 'location': ['model', 'TransRP', 'vit_dim'], 'options': [128, 256, 512, 768]}, 'ViT_depth': {'name': 'ViT_depth', 'type': 'categorical', 'location': ['model', 'TransRP', 'vit_depth'], 'options': [2, 4, 6, 8]}, 'vit_heads': {'name': 'vit_heads', 'type': 'categorical', 'location': ['model', 'TransRP', 'vit_heads'], 'options': [16, 32, 64, 128]}, 'vit_mlp_dim': {'name': 'vit_mlp_dim', 'type': 'categorical', 'location': ['model', 'TransRP', 'vit_mlp_dim'], 'options': [256, 512, 1024]}}




config 2
{'Model_Selected': {'name': 'Model_Selected', 'type': 'categorical', 'location': ['model', 'model_name'], 'options': ['TransRP']}, 'Model_N_LinearLayers': {'name': 'M_N_LL', 'type': 'int', 'location': ['model', 'output_head', 'n_linear_layers'], 'min': 1, 'max': 5}, 'Model_N_ClinicalLayers': {'name': 'M_N_CL', 'type': 'int', 'location': ['model', 'output_head', 'n_clinical_layers'], 'min': 1, 'max': 5}, 'optimizer': {'name': 'Optimizer', 'type': 'categorical', 'location': ['training', 'optimizer', 'name'], 'options': ['Adam', 'AdaBound', 'SGD']}, 'learning_rate': {'name': 'Learning_rate', 'type': 'float', 'location': ['training', 'optimizer', 'learning_rate'], 'min': 5e-07, 'max': 0.05}, 'densenet_depth': {'name': 'DenseNet_Depth', 'type': 'categorical', 'location': ['model', 'densenet', 'model_depth'], 'options': [121, 169, 201]}, 'clinical_features_method': {'name': 'clinical_features_method', 'type': 'categorical', 'location': ['model', 'TransRP', 'clinical_features_method'], 'options': ['m1', 'm2', 'm3', 'm4']}, 'ViT_embedding_dim': {'name': 'ViT_embedding_dim', 'type': 'categorical', 'location': ['model', 'TransRP', 'vit_dim'], 'options': [128, 256, 512, 768]}, 'ViT_depth': {'name': 'ViT_depth', 'type': 'categorical', 'location': ['model', 'TransRP', 'vit_depth'], 'options': [2, 4, 6, 8]}, 'vit_heads': {'name': 'vit_heads', 'type': 'categorical', 'location': ['model', 'TransRP', 'vit_heads'], 'options': [16, 32, 64, 128]}, 'vit_mlp_dim': {'name': 'vit_mlp_dim', 'type': 'categorical', 'location': ['model', 'TransRP', 'vit_mlp_dim'], 'options': [256, 512, 1024]}}
done
{'Model_Selected': {'name': 'Model_Selected', 'type': 'categorical', 'location': ['model', 'model_name'], 'options': ['TransRP']}, 'Model_N_LinearLayers': {'name': 'M_N_LL', 'type': 'int', 'location': ['model', 'output_head', 'n_linear_layers'], 'min': 1, 'max': 5}, 'Model_N_ClinicalLayers': {'name': 'M_N_CL', 'type': 'int', 'location': ['model', 'output_head', 'n_clinical_layers'], 'min': 1, 'max': 5}, 'optimizer': {'name': 'Optimizer', 'type': 'categorical', 'location': ['training', 'optimizer', 'name'], 'options': ['Adam', 'AdaBound', 'SGD']}, 'learning_rate': {'name': 'Learning_rate', 'type': 'float', 'location': ['training', 'optimizer', 'learning_rate'], 'min': 5e-07, 'max': 0.05}, 'densenet_depth': {'name': 'DenseNet_Depth', 'type': 'categorical', 'location': ['model', 'densenet', 'model_depth'], 'options': [121, 169, 201]}, 'clinical_features_method': {'name': 'clinical_features_method', 'type': 'categorical', 'location': ['model', 'TransRP', 'clinical_features_method'], 'options': ['m1', 'm2', 'm3', 'm4']}, 'ViT_embedding_dim': {'name': 'ViT_embedding_dim', 'type': 'categorical', 'location': ['model', 'TransRP', 'vit_dim'], 'options': [128, 256, 512, 768]}, 'ViT_depth': {'name': 'ViT_depth', 'type': 'categorical', 'location': ['model', 'TransRP', 'vit_depth'], 'options': [2, 4, 6, 8]}, 'vit_heads': {'name': 'vit_heads', 'type': 'categorical', 'location': ['model', 'TransRP', 'vit_heads'], 'options': [16, 32, 64, 128]}, 'vit_mlp_dim': {'name': 'vit_mlp_dim', 'type': 'categorical', 'location': ['model', 'TransRP', 'vit_mlp_dim'], 'options': [256, 512, 1024]}}




{'Model_Selected': {'name': 'Model_Selected', 'type': 'categorical', 'location': ['model', 'model_name'], 'options': ['TransRP']}, 'Model_N_LinearLayers': {'name': 'M_N_LL', 'type': 'int', 'location': ['model', 'output_head', 'n_linear_layers'], 'min': 1, 'max': 5}, 'Model_N_ClinicalLayers': {'name': 'M_N_CL', 'type': 'int', 'location': ['model', 'output_head', 'n_clinical_layers'], 'min': 1, 'max': 5}, 'optimizer': {'name': 'Optimizer', 'type': 'categorical', 'location': ['training', 'optimizer', 'name'], 'options': ['Adam', 'AdaBound', 'SGD']}, 'learning_rate': {'name': 'Learning_rate', 'type': 'float', 'location': ['training', 'optimizer', 'learning_rate'], 'min': 5e-07, 'max': 0.05}, 'densenet_depth': {'name': 'DenseNet_Depth', 'type': 'categorical', 'location': ['model', 'densenet', 'model_depth'], 'options': [121, 169, 201]}, 'clinical_features_method': {'name': 'clinical_features_method', 'type': 'categorical', 'location': ['model', 'TransRP', 'clinical_features_method'], 'options': ['m1', 'm2', 'm3', 'm4']}, 'ViT_embedding_dim': {'name': 'ViT_embedding_dim', 'type': 'categorical', 'location': ['model', 'TransRP', 'vit_dim'], 'options': [128, 256, 512, 768]}, 'ViT_depth': {'name': 'ViT_depth', 'type': 'categorical', 'location': ['model', 'TransRP', 'vit_depth'], 'options': [2, 4, 6, 8]}, 'vit_heads': {'name': 'vit_heads', 'type': 'categorical', 'location': ['model', 'TransRP', 'vit_heads'], 'options': [16, 32, 64, 128]}, 'vit_mlp_dim': {'name': 'vit_mlp_dim', 'type': 'categorical', 'location': ['model', 'TransRP', 'vit_mlp_dim'], 'options': [256, 512, 1024]}}
<class 'ruamel.yaml.comments.CommentedMap'>
[15:14:11] INFO     Starting up experiment handler...    experimentHandler.py:19
           INFO     Logging into Weights and Biases...     WandB_functions.py:20
wandb: [wandb.login()] Using explicit session credentials for https://api.wandb.ai.
wandb: Appending key for api.wandb.ai to your netrc file: /home4/p306883/.netrc
wandb: Currently logged in as: d-macrae (pri2ma) to https://api.wandb.ai. Use `wandb login --relogin` to force relogin
Weights and Biases is active
[15:14:13] INFO     Setting up optuna                    experimentHandler.py:31
3.36.0
